Command line invocation:
    /Applications/Xcode.app/Contents/Developer/usr/bin/xcodebuild -project VoiceInk.xcodeproj -scheme VoiceInk -configuration Debug build CODE_SIGN_IDENTITY= CODE_SIGNING_REQUIRED=NO CODE_SIGNING_ALLOWED=NO

Build settings from command line:
    CODE_SIGN_IDENTITY = 
    CODE_SIGNING_ALLOWED = NO
    CODE_SIGNING_REQUIRED = NO

Resolve Package Graph


Resolved source packages:
  swift-atomics: https://github.com/apple/swift-atomics.git @ 1.3.0
  MediaRemoteAdapter: https://github.com/ejbills/mediaremote-adapter @ master (3529aa2)
  KeyboardShortcuts: https://github.com/sindresorhus/KeyboardShortcuts @ 2.4.0
  SelectedTextKit: https://github.com/tisfeng/SelectedTextKit @ f6c1574
  onnxruntime: https://github.com/microsoft/onnxruntime-swift-package-manager @ 1.20.0
  LaunchAtLogin: https://github.com/sindresorhus/LaunchAtLogin-Modern @ main (a04ec1c)
  Sparkle: https://github.com/sparkle-project/Sparkle @ 2.8.0
  FluidAudio: https://github.com/FluidInference/FluidAudio @ main (8136bd0)
  AXSwift: https://github.com/clavierorg/AXSwift.git @ 0.3.5
  Zip: https://github.com/marmelroy/Zip @ 2.1.2
  KeySender: https://github.com/jordanbaird/KeySender @ 0.0.5

--- xcodebuild: WARNING: Using the first of multiple matching destinations:
{ platform:macOS, arch:arm64, id:00008103-0005645C36E0801E, name:My Mac }
{ platform:macOS, arch:x86_64, id:00008103-0005645C36E0801E, name:My Mac }
{ platform:macOS, name:Any Mac }
note: Using codesigning identity override: 
ComputePackagePrebuildTargetDependencyGraph

Prepare packages

CreateBuildRequest

SendProjectDescription

CreateBuildOperation

ComputeTargetDependencyGraph
note: Building targets in dependency order
note: Target dependency graph (28 targets)
    Target 'VoiceInk' in project 'VoiceInk'
        ➜ Explicit dependency on target 'MediaRemoteAdapter' in project 'MediaRemoteAdapter'
        ➜ Explicit dependency on target 'onnxruntime' in project 'onnxruntime'
        ➜ Explicit dependency on target 'Atomics' in project 'swift-atomics'
        ➜ Explicit dependency on target 'Zip' in project 'Zip'
        ➜ Explicit dependency on target 'LaunchAtLogin' in project 'LaunchAtLogin'
        ➜ Explicit dependency on target 'FluidAudio' in project 'FluidAudio'
        ➜ Explicit dependency on target 'SelectedTextKit' in project 'SelectedTextKit'
        ➜ Explicit dependency on target 'Sparkle' in project 'Sparkle'
        ➜ Explicit dependency on target 'KeyboardShortcuts' in project 'KeyboardShortcuts'
    Target 'KeyboardShortcuts' in project 'KeyboardShortcuts'
        ➜ Explicit dependency on target 'KeyboardShortcuts' in project 'KeyboardShortcuts'
        ➜ Explicit dependency on target 'KeyboardShortcuts_KeyboardShortcuts' in project 'KeyboardShortcuts'
    Target 'KeyboardShortcuts' in project 'KeyboardShortcuts'
        ➜ Explicit dependency on target 'KeyboardShortcuts_KeyboardShortcuts' in project 'KeyboardShortcuts'
    Target 'KeyboardShortcuts_KeyboardShortcuts' in project 'KeyboardShortcuts' (no dependencies)
    Target 'Sparkle' in project 'Sparkle' (no dependencies)
    Target 'SelectedTextKit' in project 'SelectedTextKit'
        ➜ Explicit dependency on target 'SelectedTextKit' in project 'SelectedTextKit'
        ➜ Explicit dependency on target 'AXSwift' in project 'AXSwift'
        ➜ Explicit dependency on target 'KeySender' in project 'KeySender'
    Target 'SelectedTextKit' in project 'SelectedTextKit'
        ➜ Explicit dependency on target 'AXSwift' in project 'AXSwift'
        ➜ Explicit dependency on target 'KeySender' in project 'KeySender'
    Target 'KeySender' in project 'KeySender'
        ➜ Explicit dependency on target 'KeySender' in project 'KeySender'
    Target 'KeySender' in project 'KeySender' (no dependencies)
    Target 'AXSwift' in project 'AXSwift'
        ➜ Explicit dependency on target 'AXSwift' in project 'AXSwift'
    Target 'AXSwift' in project 'AXSwift' (no dependencies)
    Target 'FluidAudio' in project 'FluidAudio'
        ➜ Explicit dependency on target 'FluidAudio' in project 'FluidAudio'
        ➜ Explicit dependency on target 'FastClusterWrapper' in project 'FluidAudio'
    Target 'FluidAudio' in project 'FluidAudio'
        ➜ Explicit dependency on target 'FastClusterWrapper' in project 'FluidAudio'
    Target 'FastClusterWrapper' in project 'FluidAudio' (no dependencies)
    Target 'LaunchAtLogin' in project 'LaunchAtLogin'
        ➜ Explicit dependency on target 'LaunchAtLogin' in project 'LaunchAtLogin'
    Target 'LaunchAtLogin' in project 'LaunchAtLogin' (no dependencies)
    Target 'Zip' in project 'Zip'
        ➜ Explicit dependency on target 'Zip' in project 'Zip'
        ➜ Explicit dependency on target 'Minizip' in project 'Zip'
    Target 'Zip' in project 'Zip'
        ➜ Explicit dependency on target 'Minizip' in project 'Zip'
    Target 'Minizip' in project 'Zip' (no dependencies)
    Target 'Atomics' in project 'swift-atomics'
        ➜ Explicit dependency on target 'Atomics' in project 'swift-atomics'
        ➜ Explicit dependency on target '_AtomicsShims' in project 'swift-atomics'
    Target 'Atomics' in project 'swift-atomics'
        ➜ Explicit dependency on target '_AtomicsShims' in project 'swift-atomics'
    Target '_AtomicsShims' in project 'swift-atomics' (no dependencies)
    Target 'onnxruntime' in project 'onnxruntime'
        ➜ Explicit dependency on target 'OnnxRuntimeBindings' in project 'onnxruntime'
    Target 'OnnxRuntimeBindings' in project 'onnxruntime' (no dependencies)
    Target 'MediaRemoteAdapter' in project 'MediaRemoteAdapter'
        ➜ Explicit dependency on target 'MediaRemoteAdapter' in project 'MediaRemoteAdapter'
        ➜ Explicit dependency on target 'MediaRemoteAdapter_MediaRemoteAdapter' in project 'MediaRemoteAdapter'
        ➜ Explicit dependency on target 'CIMediaRemote' in project 'MediaRemoteAdapter'
    Target 'MediaRemoteAdapter' in project 'MediaRemoteAdapter'
        ➜ Explicit dependency on target 'MediaRemoteAdapter_MediaRemoteAdapter' in project 'MediaRemoteAdapter'
        ➜ Explicit dependency on target 'CIMediaRemote' in project 'MediaRemoteAdapter'
    Target 'CIMediaRemote' in project 'MediaRemoteAdapter' (no dependencies)
    Target 'MediaRemoteAdapter_MediaRemoteAdapter' in project 'MediaRemoteAdapter' (no dependencies)

GatherProvisioningInputs

CreateBuildDescription

ExecuteExternalTool /Applications/Xcode.app/Contents/Developer/Toolchains/XcodeDefault.xctoolchain/usr/bin/clang -v -E -dM -arch arm64 -isysroot /Applications/Xcode.app/Contents/Developer/Platforms/MacOSX.platform/Developer/SDKs/MacOSX26.1.sdk -x objective-c -c /dev/null

ExecuteExternalTool /Applications/Xcode.app/Contents/Developer/Toolchains/XcodeDefault.xctoolchain/usr/bin/swiftc --version

ExecuteExternalTool /Applications/Xcode.app/Contents/Developer/Toolchains/XcodeDefault.xctoolchain/usr/bin/clang -v -E -dM -arch arm64 -isysroot /Applications/Xcode.app/Contents/Developer/Platforms/MacOSX.platform/Developer/SDKs/MacOSX26.1.sdk -x objective-c++ -c /dev/null

ExecuteExternalTool /Applications/Xcode.app/Contents/Developer/Toolchains/XcodeDefault.xctoolchain/usr/bin/ld -version_details

ExecuteExternalTool /Applications/Xcode.app/Contents/Developer/Toolchains/XcodeDefault.xctoolchain/usr/bin/clang -v -E -dM -arch arm64 -isysroot /Applications/Xcode.app/Contents/Developer/Platforms/MacOSX.platform/Developer/SDKs/MacOSX26.1.sdk -x c -c /dev/null

ExecuteExternalTool /Applications/Xcode.app/Contents/Developer/Toolchains/XcodeDefault.xctoolchain/usr/bin/clang -v -E -dM -arch arm64 -isysroot /Applications/Xcode.app/Contents/Developer/Platforms/MacOSX.platform/Developer/SDKs/MacOSX26.1.sdk -x c++ -c /dev/null

ExecuteExternalTool /Applications/Xcode.app/Contents/Developer/Toolchains/XcodeDefault.xctoolchain/usr/bin/clang -v -E -dM -isysroot /Applications/Xcode.app/Contents/Developer/Platforms/MacOSX.platform/Developer/SDKs/MacOSX26.1.sdk -x c -c /dev/null

ExecuteExternalTool /Applications/Xcode.app/Contents/Developer/usr/bin/actool --version --output-format xml1

ReadFileContents /Applications/Xcode.app/Contents/Developer/Toolchains/XcodeDefault.xctoolchain/usr/share/docc/features.json

Build description signature: 23ade86375763469a559f8a55bdac530
Build description path: /Users/deborahmangan/Library/Developer/Xcode/DerivedData/VoiceInk-eemogpngnlfwrxdjpxgajwlrwcvv/Build/Intermediates.noindex/XCBuildData/23ade86375763469a559f8a55bdac530.xcbuilddata
ClangStatCache /Applications/Xcode.app/Contents/Developer/Toolchains/XcodeDefault.xctoolchain/usr/bin/clang-stat-cache /Applications/Xcode.app/Contents/Developer/Platforms/MacOSX.platform/Developer/SDKs/MacOSX26.1.sdk /Users/deborahmangan/Library/Developer/Xcode/DerivedData/SDKStatCaches.noindex/macosx26.1-25B74-3ae1261907bdadc328169391a47051a6.sdkstatcache
    cd /Users/deborahmangan/Desktop/Prototypes/dev/untitled\ folder\ 3/VoiceInk.xcodeproj
    /Applications/Xcode.app/Contents/Developer/Toolchains/XcodeDefault.xctoolchain/usr/bin/clang-stat-cache /Applications/Xcode.app/Contents/Developer/Platforms/MacOSX.platform/Developer/SDKs/MacOSX26.1.sdk -o /Users/deborahmangan/Library/Developer/Xcode/DerivedData/SDKStatCaches.noindex/macosx26.1-25B74-3ae1261907bdadc328169391a47051a6.sdkstatcache

ProcessInfoPlistFile /Users/deborahmangan/Library/Developer/Xcode/DerivedData/VoiceInk-eemogpngnlfwrxdjpxgajwlrwcvv/Build/Products/Debug/KeyboardShortcuts_KeyboardShortcuts.bundle/Contents/Info.plist /Users/deborahmangan/Library/Developer/Xcode/DerivedData/VoiceInk-eemogpngnlfwrxdjpxgajwlrwcvv/Build/Intermediates.noindex/KeyboardShortcuts.build/Debug/KeyboardShortcuts_KeyboardShortcuts.build/empty-KeyboardShortcuts_KeyboardShortcuts.plist (in target 'KeyboardShortcuts_KeyboardShortcuts' from project 'KeyboardShortcuts')
    cd /Users/deborahmangan/Library/Developer/Xcode/DerivedData/VoiceInk-eemogpngnlfwrxdjpxgajwlrwcvv/SourcePackages/checkouts/KeyboardShortcuts
    builtin-infoPlistUtility /Users/deborahmangan/Library/Developer/Xcode/DerivedData/VoiceInk-eemogpngnlfwrxdjpxgajwlrwcvv/Build/Intermediates.noindex/KeyboardShortcuts.build/Debug/KeyboardShortcuts_KeyboardShortcuts.build/empty-KeyboardShortcuts_KeyboardShortcuts.plist -producttype com.apple.product-type.bundle -expandbuildsettings -platform macosx -o /Users/deborahmangan/Library/Developer/Xcode/DerivedData/VoiceInk-eemogpngnlfwrxdjpxgajwlrwcvv/Build/Products/Debug/KeyboardShortcuts_KeyboardShortcuts.bundle/Contents/Info.plist

ProcessInfoPlistFile /Users/deborahmangan/Library/Developer/Xcode/DerivedData/VoiceInk-eemogpngnlfwrxdjpxgajwlrwcvv/Build/Products/Debug/MediaRemoteAdapter_MediaRemoteAdapter.bundle/Contents/Info.plist /Users/deborahmangan/Library/Developer/Xcode/DerivedData/VoiceInk-eemogpngnlfwrxdjpxgajwlrwcvv/Build/Intermediates.noindex/MediaRemoteAdapter.build/Debug/MediaRemoteAdapter_MediaRemoteAdapter.build/empty-MediaRemoteAdapter_MediaRemoteAdapter.plist (in target 'MediaRemoteAdapter_MediaRemoteAdapter' from project 'MediaRemoteAdapter')
    cd /Users/deborahmangan/Library/Developer/Xcode/DerivedData/VoiceInk-eemogpngnlfwrxdjpxgajwlrwcvv/SourcePackages/checkouts/mediaremote-adapter
    builtin-infoPlistUtility /Users/deborahmangan/Library/Developer/Xcode/DerivedData/VoiceInk-eemogpngnlfwrxdjpxgajwlrwcvv/Build/Intermediates.noindex/MediaRemoteAdapter.build/Debug/MediaRemoteAdapter_MediaRemoteAdapter.build/empty-MediaRemoteAdapter_MediaRemoteAdapter.plist -producttype com.apple.product-type.bundle -expandbuildsettings -platform macosx -o /Users/deborahmangan/Library/Developer/Xcode/DerivedData/VoiceInk-eemogpngnlfwrxdjpxgajwlrwcvv/Build/Products/Debug/MediaRemoteAdapter_MediaRemoteAdapter.bundle/Contents/Info.plist

/Users/deborahmangan/Desktop/Prototypes/dev/untitled folder 3/VoiceInk.xcodeproj: warning: The Copy Bundle Resources build phase contains this target's Info.plist file '/Users/deborahmangan/Desktop/Prototypes/dev/untitled folder 3/VoiceInk/Info.plist'. (in target 'VoiceInk' from project 'VoiceInk')
SwiftDriver VoiceInk normal arm64 com.apple.xcode.tools.swift.compiler (in target 'VoiceInk' from project 'VoiceInk')
    cd /Users/deborahmangan/Desktop/Prototypes/dev/untitled\ folder\ 3
    builtin-SwiftDriver -- /Applications/Xcode.app/Contents/Developer/Toolchains/XcodeDefault.xctoolchain/usr/bin/swiftc -module-name VoiceLink_Community -Onone -enforce-exclusivity\=checked @/Users/deborahmangan/Library/Developer/Xcode/DerivedData/VoiceInk-eemogpngnlfwrxdjpxgajwlrwcvv/Build/Intermediates.noindex/VoiceInk.build/Debug/VoiceInk.build/Objects-normal/arm64/VoiceLink\ Community.SwiftFileList -DDEBUG -DENABLE_NATIVE_SPEECH_ANALYZER -DDEBUG -DENABLE_NATIVE_SPEECH_ANALYZER -Xcc -fmodule-map-file\=/Users/deborahmangan/Library/Developer/Xcode/DerivedData/VoiceInk-eemogpngnlfwrxdjpxgajwlrwcvv/Build/Intermediates.noindex/GeneratedModuleMaps/OnnxRuntimeBindings.modulemap -Xcc -fmodule-map-file\=/Users/deborahmangan/Library/Developer/Xcode/DerivedData/VoiceInk-eemogpngnlfwrxdjpxgajwlrwcvv/Build/Intermediates.noindex/GeneratedModuleMaps/Minizip.modulemap -Xcc -fmodule-map-file\=/Users/deborahmangan/Library/Developer/Xcode/DerivedData/VoiceInk-eemogpngnlfwrxdjpxgajwlrwcvv/Build/Intermediates.noindex/GeneratedModuleMaps/CIMediaRemote.modulemap -enable-bare-slash-regex -enable-experimental-feature DebugDescriptionMacro -sdk /Applications/Xcode.app/Contents/Developer/Platforms/MacOSX.platform/Developer/SDKs/MacOSX26.1.sdk -target arm64-apple-macos14.0 -g -module-cache-path /Users/deborahmangan/Library/Developer/Xcode/DerivedData/ModuleCache.noindex -Xfrontend -serialize-debugging-options -profile-coverage-mapping -profile-generate -enable-testing -index-store-path /Users/deborahmangan/Library/Developer/Xcode/DerivedData/VoiceInk-eemogpngnlfwrxdjpxgajwlrwcvv/Index.noindex/DataStore -Xcc -D_LIBCPP_HARDENING_MODE\=_LIBCPP_HARDENING_MODE_DEBUG -swift-version 5 -I /Users/deborahmangan/Library/Developer/Xcode/DerivedData/VoiceInk-eemogpngnlfwrxdjpxgajwlrwcvv/Build/Products/Debug -F /Users/deborahmangan/Library/Developer/Xcode/DerivedData/VoiceInk-eemogpngnlfwrxdjpxgajwlrwcvv/Build/Products/Debug/PackageFrameworks -F /Users/deborahmangan/Library/Developer/Xcode/DerivedData/VoiceInk-eemogpngnlfwrxdjpxgajwlrwcvv/Build/Products/Debug/PackageFrameworks -F /Users/deborahmangan/Library/Developer/Xcode/DerivedData/VoiceInk-eemogpngnlfwrxdjpxgajwlrwcvv/Build/Products/Debug/PackageFrameworks -F /Users/deborahmangan/Library/Developer/Xcode/DerivedData/VoiceInk-eemogpngnlfwrxdjpxgajwlrwcvv/Build/Products/Debug/PackageFrameworks -F /Users/deborahmangan/Library/Developer/Xcode/DerivedData/VoiceInk-eemogpngnlfwrxdjpxgajwlrwcvv/Build/Products/Debug/PackageFrameworks -F /Users/deborahmangan/Library/Developer/Xcode/DerivedData/VoiceInk-eemogpngnlfwrxdjpxgajwlrwcvv/Build/Products/Debug/PackageFrameworks -F /Users/deborahmangan/Library/Developer/Xcode/DerivedData/VoiceInk-eemogpngnlfwrxdjpxgajwlrwcvv/Build/Products/Debug/PackageFrameworks -F /Users/deborahmangan/Library/Developer/Xcode/DerivedData/VoiceInk-eemogpngnlfwrxdjpxgajwlrwcvv/Build/Products/Debug/PackageFrameworks -F /Users/deborahmangan/Library/Developer/Xcode/DerivedData/VoiceInk-eemogpngnlfwrxdjpxgajwlrwcvv/Build/Products/Debug/PackageFrameworks -F /Users/deborahmangan/Library/Developer/Xcode/DerivedData/VoiceInk-eemogpngnlfwrxdjpxgajwlrwcvv/Build/Products/Debug/PackageFrameworks -F /Users/deborahmangan/Library/Developer/Xcode/DerivedData/VoiceInk-eemogpngnlfwrxdjpxgajwlrwcvv/Build/Products/Debug/PackageFrameworks -F /Users/deborahmangan/Library/Developer/Xcode/DerivedData/VoiceInk-eemogpngnlfwrxdjpxgajwlrwcvv/Build/Products/Debug/PackageFrameworks -F /Users/deborahmangan/Library/Developer/Xcode/DerivedData/VoiceInk-eemogpngnlfwrxdjpxgajwlrwcvv/Build/Products/Debug/PackageFrameworks -F /Users/deborahmangan/Library/Developer/Xcode/DerivedData/VoiceInk-eemogpngnlfwrxdjpxgajwlrwcvv/Build/Products/Debug/PackageFrameworks -F /Users/deborahmangan/Library/Developer/Xcode/DerivedData/VoiceInk-eemogpngnlfwrxdjpxgajwlrwcvv/Build/Products/Debug -emit-localized-strings -emit-localized-strings-path /Users/deborahmangan/Library/Developer/Xcode/DerivedData/VoiceInk-eemogpngnlfwrxdjpxgajwlrwcvv/Build/Intermediates.noindex/VoiceInk.build/Debug/VoiceInk.build/Objects-normal/arm64 -c -j8 -enable-batch-mode -incremental -Xcc -ivfsstatcache -Xcc /Users/deborahmangan/Library/Developer/Xcode/DerivedData/SDKStatCaches.noindex/macosx26.1-25B74-3ae1261907bdadc328169391a47051a6.sdkstatcache -output-file-map /Users/deborahmangan/Library/Developer/Xcode/DerivedData/VoiceInk-eemogpngnlfwrxdjpxgajwlrwcvv/Build/Intermediates.noindex/VoiceInk.build/Debug/VoiceInk.build/Objects-normal/arm64/VoiceInk-OutputFileMap.json -use-frontend-parseable-output -save-temps -no-color-diagnostics -explicit-module-build -module-cache-path /Users/deborahmangan/Library/Developer/Xcode/DerivedData/VoiceInk-eemogpngnlfwrxdjpxgajwlrwcvv/Build/Intermediates.noindex/SwiftExplicitPrecompiledModules -clang-scanner-module-cache-path /Users/deborahmangan/Library/Developer/Xcode/DerivedData/ModuleCache.noindex -sdk-module-cache-path /Users/deborahmangan/Library/Developer/Xcode/DerivedData/ModuleCache.noindex -serialize-diagnostics -emit-dependencies -emit-module -emit-module-path /Users/deborahmangan/Library/Developer/Xcode/DerivedData/VoiceInk-eemogpngnlfwrxdjpxgajwlrwcvv/Build/Intermediates.noindex/VoiceInk.build/Debug/VoiceInk.build/Objects-normal/arm64/VoiceLink_Community.swiftmodule -validate-clang-modules-once -clang-build-session-file /Users/deborahmangan/Library/Developer/Xcode/DerivedData/ModuleCache.noindex/Session.modulevalidation -Xcc -I/Users/deborahmangan/Library/Developer/Xcode/DerivedData/VoiceInk-eemogpngnlfwrxdjpxgajwlrwcvv/Build/Intermediates.noindex/VoiceInk.build/Debug/VoiceInk.build/swift-overrides.hmap -emit-const-values -Xfrontend -const-gather-protocols-file -Xfrontend /Users/deborahmangan/Library/Developer/Xcode/DerivedData/VoiceInk-eemogpngnlfwrxdjpxgajwlrwcvv/Build/Intermediates.noindex/VoiceInk.build/Debug/VoiceInk.build/Objects-normal/arm64/VoiceInk_const_extract_protocols.json -Xcc -iquote -Xcc /Users/deborahmangan/Library/Developer/Xcode/DerivedData/VoiceInk-eemogpngnlfwrxdjpxgajwlrwcvv/Build/Intermediates.noindex/VoiceInk.build/Debug/VoiceInk.build/VoiceLink\ Community-generated-files.hmap -Xcc -I/Users/deborahmangan/Library/Developer/Xcode/DerivedData/VoiceInk-eemogpngnlfwrxdjpxgajwlrwcvv/Build/Intermediates.noindex/VoiceInk.build/Debug/VoiceInk.build/VoiceLink\ Community-own-target-headers.hmap -Xcc -I/Users/deborahmangan/Library/Developer/Xcode/DerivedData/VoiceInk-eemogpngnlfwrxdjpxgajwlrwcvv/Build/Intermediates.noindex/VoiceInk.build/Debug/VoiceInk.build/VoiceLink\ Community-all-non-framework-target-headers.hmap -Xcc -ivfsoverlay -Xcc /Users/deborahmangan/Library/Developer/Xcode/DerivedData/VoiceInk-eemogpngnlfwrxdjpxgajwlrwcvv/Build/Intermediates.noindex/VoiceInk.build/Debug/VoiceInk-121e1a399600b3f95099ba76a8495ac5-VFS/all-product-headers.yaml -Xcc -iquote -Xcc /Users/deborahmangan/Library/Developer/Xcode/DerivedData/VoiceInk-eemogpngnlfwrxdjpxgajwlrwcvv/Build/Intermediates.noindex/VoiceInk.build/Debug/VoiceInk.build/VoiceLink\ Community-project-headers.hmap -Xcc -I/Users/deborahmangan/Library/Developer/Xcode/DerivedData/VoiceInk-eemogpngnlfwrxdjpxgajwlrwcvv/SourcePackages/checkouts/onnxruntime-swift-package-manager/objectivec/include -Xcc -I/Users/deborahmangan/Library/Developer/Xcode/DerivedData/VoiceInk-eemogpngnlfwrxdjpxgajwlrwcvv/SourcePackages/checkouts/swift-atomics/Sources/_AtomicsShims/include -Xcc -I/Users/deborahmangan/Library/Developer/Xcode/DerivedData/VoiceInk-eemogpngnlfwrxdjpxgajwlrwcvv/SourcePackages/checkouts/Zip/Zip/minizip/include -Xcc -I/Users/deborahmangan/Library/Developer/Xcode/DerivedData/VoiceInk-eemogpngnlfwrxdjpxgajwlrwcvv/SourcePackages/checkouts/FluidAudio/Sources/FastClusterWrapper/include -Xcc -I/Users/deborahmangan/Library/Developer/Xcode/DerivedData/VoiceInk-eemogpngnlfwrxdjpxgajwlrwcvv/SourcePackages/checkouts/mediaremote-adapter/Sources/CIMediaRemote/include -Xcc -I/Users/deborahmangan/Library/Developer/Xcode/DerivedData/VoiceInk-eemogpngnlfwrxdjpxgajwlrwcvv/Build/Products/Debug/include -Xcc -I/Users/deborahmangan/Library/Developer/Xcode/DerivedData/VoiceInk-eemogpngnlfwrxdjpxgajwlrwcvv/Build/Intermediates.noindex/VoiceInk.build/Debug/VoiceInk.build/DerivedSources-normal/arm64 -Xcc -I/Users/deborahmangan/Library/Developer/Xcode/DerivedData/VoiceInk-eemogpngnlfwrxdjpxgajwlrwcvv/Build/Intermediates.noindex/VoiceInk.build/Debug/VoiceInk.build/DerivedSources/arm64 -Xcc -I/Users/deborahmangan/Library/Developer/Xcode/DerivedData/VoiceInk-eemogpngnlfwrxdjpxgajwlrwcvv/Build/Intermediates.noindex/VoiceInk.build/Debug/VoiceInk.build/DerivedSources -Xcc -DDEBUG\=1 -emit-objc-header -emit-objc-header-path /Users/deborahmangan/Library/Developer/Xcode/DerivedData/VoiceInk-eemogpngnlfwrxdjpxgajwlrwcvv/Build/Intermediates.noindex/VoiceInk.build/Debug/VoiceInk.build/Objects-normal/arm64/VoiceLink_Community-Swift.h -working-directory /Users/deborahmangan/Desktop/Prototypes/dev/untitled\ folder\ 3 -experimental-emit-module-separately -disable-cmo

ProcessInfoPlistFile /Users/deborahmangan/Library/Developer/Xcode/DerivedData/VoiceInk-eemogpngnlfwrxdjpxgajwlrwcvv/Build/Products/Debug/PackageFrameworks/MediaRemoteAdapter.framework/Versions/A/Resources/Info.plist /Users/deborahmangan/Library/Developer/Xcode/DerivedData/VoiceInk-eemogpngnlfwrxdjpxgajwlrwcvv/Build/Intermediates.noindex/MediaRemoteAdapter.build/Debug/MediaRemoteAdapter\ product.build/empty-MediaRemoteAdapter.plist (in target 'MediaRemoteAdapter' from project 'MediaRemoteAdapter')
    cd /Users/deborahmangan/Library/Developer/Xcode/DerivedData/VoiceInk-eemogpngnlfwrxdjpxgajwlrwcvv/SourcePackages/checkouts/mediaremote-adapter
    builtin-infoPlistUtility /Users/deborahmangan/Library/Developer/Xcode/DerivedData/VoiceInk-eemogpngnlfwrxdjpxgajwlrwcvv/Build/Intermediates.noindex/MediaRemoteAdapter.build/Debug/MediaRemoteAdapter\ product.build/empty-MediaRemoteAdapter.plist -producttype com.apple.product-type.framework -expandbuildsettings -platform macosx -o /Users/deborahmangan/Library/Developer/Xcode/DerivedData/VoiceInk-eemogpngnlfwrxdjpxgajwlrwcvv/Build/Products/Debug/PackageFrameworks/MediaRemoteAdapter.framework/Versions/A/Resources/Info.plist

SwiftCompile normal arm64 Compiling\ ContextSettingsView.swift /Users/deborahmangan/Desktop/Prototypes/dev/untitled\ folder\ 3/VoiceInk/Views/Settings/ContextSettingsView.swift (in target 'VoiceInk' from project 'VoiceInk')

SwiftCompile normal arm64 /Users/deborahmangan/Desktop/Prototypes/dev/untitled\ folder\ 3/VoiceInk/Views/Settings/ContextSettingsView.swift (in target 'VoiceInk' from project 'VoiceInk')
    cd /Users/deborahmangan/Desktop/Prototypes/dev/untitled\ folder\ 3
    

SwiftEmitModule normal arm64 Emitting\ module\ for\ VoiceLink_Community (in target 'VoiceInk' from project 'VoiceInk')
EmitSwiftModule normal arm64 (in target 'VoiceInk' from project 'VoiceInk')
    cd /Users/deborahmangan/Desktop/Prototypes/dev/untitled\ folder\ 3
    
/Users/deborahmangan/Desktop/Prototypes/dev/untitled folder 3/VoiceInk/Services/AIEnhancement/AIContextBuilder.swift:31:72: warning: main actor-isolated static property 'shared' can not be referenced from a nonisolated context; this is an error in the Swift 6 language mode
        activeWindowService: ActiveWindowService = ActiveWindowService.shared,
                                                                       ^
/Users/deborahmangan/Desktop/Prototypes/dev/untitled folder 3/VoiceInk/PowerMode/ActiveWindowService.swift:7:16: note: static property declared here
    static let shared = ActiveWindowService()
               ^
/Users/deborahmangan/Desktop/Prototypes/dev/untitled folder 3/VoiceInk/Views/Dictionary/WordReplacementView.swift:3:1: warning: extension declares a conformance of imported type 'String' to imported protocol 'Identifiable'; this will not behave correctly if the owners of 'Swift' introduce this conformance in the future
extension String: Identifiable {
^
/Users/deborahmangan/Desktop/Prototypes/dev/untitled folder 3/VoiceInk/Views/Dictionary/WordReplacementView.swift:3:1: note: add '@retroactive' to silence this warning
extension String: Identifiable {
^                 ~~~~~~~~~~~~
                  @retroactive Identifiable

SwiftDriverJobDiscovery normal arm64 Compiling ContextSettingsView.swift (in target 'VoiceInk' from project 'VoiceInk')

SwiftCompile normal arm64 Compiling\ EnhancementSettingsView.swift /Users/deborahmangan/Desktop/Prototypes/dev/untitled\ folder\ 3/VoiceInk/Views/EnhancementSettingsView.swift (in target 'VoiceInk' from project 'VoiceInk')

SwiftCompile normal arm64 /Users/deborahmangan/Desktop/Prototypes/dev/untitled\ folder\ 3/VoiceInk/Views/EnhancementSettingsView.swift (in target 'VoiceInk' from project 'VoiceInk')
    cd /Users/deborahmangan/Desktop/Prototypes/dev/untitled\ folder\ 3
    

SwiftDriverJobDiscovery normal arm64 Compiling EnhancementSettingsView.swift (in target 'VoiceInk' from project 'VoiceInk')

SwiftDriverJobDiscovery normal arm64 Emitting module for VoiceLink_Community (in target 'VoiceInk' from project 'VoiceInk')

SwiftDriver\ Compilation\ Requirements VoiceInk normal arm64 com.apple.xcode.tools.swift.compiler (in target 'VoiceInk' from project 'VoiceInk')
    cd /Users/deborahmangan/Desktop/Prototypes/dev/untitled\ folder\ 3
    builtin-Swift-Compilation-Requirements -- /Applications/Xcode.app/Contents/Developer/Toolchains/XcodeDefault.xctoolchain/usr/bin/swiftc -module-name VoiceLink_Community -Onone -enforce-exclusivity\=checked @/Users/deborahmangan/Library/Developer/Xcode/DerivedData/VoiceInk-eemogpngnlfwrxdjpxgajwlrwcvv/Build/Intermediates.noindex/VoiceInk.build/Debug/VoiceInk.build/Objects-normal/arm64/VoiceLink\ Community.SwiftFileList -DDEBUG -DENABLE_NATIVE_SPEECH_ANALYZER -DDEBUG -DENABLE_NATIVE_SPEECH_ANALYZER -Xcc -fmodule-map-file\=/Users/deborahmangan/Library/Developer/Xcode/DerivedData/VoiceInk-eemogpngnlfwrxdjpxgajwlrwcvv/Build/Intermediates.noindex/GeneratedModuleMaps/OnnxRuntimeBindings.modulemap -Xcc -fmodule-map-file\=/Users/deborahmangan/Library/Developer/Xcode/DerivedData/VoiceInk-eemogpngnlfwrxdjpxgajwlrwcvv/Build/Intermediates.noindex/GeneratedModuleMaps/Minizip.modulemap -Xcc -fmodule-map-file\=/Users/deborahmangan/Library/Developer/Xcode/DerivedData/VoiceInk-eemogpngnlfwrxdjpxgajwlrwcvv/Build/Intermediates.noindex/GeneratedModuleMaps/CIMediaRemote.modulemap -enable-bare-slash-regex -enable-experimental-feature DebugDescriptionMacro -sdk /Applications/Xcode.app/Contents/Developer/Platforms/MacOSX.platform/Developer/SDKs/MacOSX26.1.sdk -target arm64-apple-macos14.0 -g -module-cache-path /Users/deborahmangan/Library/Developer/Xcode/DerivedData/ModuleCache.noindex -Xfrontend -serialize-debugging-options -profile-coverage-mapping -profile-generate -enable-testing -index-store-path /Users/deborahmangan/Library/Developer/Xcode/DerivedData/VoiceInk-eemogpngnlfwrxdjpxgajwlrwcvv/Index.noindex/DataStore -Xcc -D_LIBCPP_HARDENING_MODE\=_LIBCPP_HARDENING_MODE_DEBUG -swift-version 5 -I /Users/deborahmangan/Library/Developer/Xcode/DerivedData/VoiceInk-eemogpngnlfwrxdjpxgajwlrwcvv/Build/Products/Debug -F /Users/deborahmangan/Library/Developer/Xcode/DerivedData/VoiceInk-eemogpngnlfwrxdjpxgajwlrwcvv/Build/Products/Debug/PackageFrameworks -F /Users/deborahmangan/Library/Developer/Xcode/DerivedData/VoiceInk-eemogpngnlfwrxdjpxgajwlrwcvv/Build/Products/Debug/PackageFrameworks -F /Users/deborahmangan/Library/Developer/Xcode/DerivedData/VoiceInk-eemogpngnlfwrxdjpxgajwlrwcvv/Build/Products/Debug/PackageFrameworks -F /Users/deborahmangan/Library/Developer/Xcode/DerivedData/VoiceInk-eemogpngnlfwrxdjpxgajwlrwcvv/Build/Products/Debug/PackageFrameworks -F /Users/deborahmangan/Library/Developer/Xcode/DerivedData/VoiceInk-eemogpngnlfwrxdjpxgajwlrwcvv/Build/Products/Debug/PackageFrameworks -F /Users/deborahmangan/Library/Developer/Xcode/DerivedData/VoiceInk-eemogpngnlfwrxdjpxgajwlrwcvv/Build/Products/Debug/PackageFrameworks -F /Users/deborahmangan/Library/Developer/Xcode/DerivedData/VoiceInk-eemogpngnlfwrxdjpxgajwlrwcvv/Build/Products/Debug/PackageFrameworks -F /Users/deborahmangan/Library/Developer/Xcode/DerivedData/VoiceInk-eemogpngnlfwrxdjpxgajwlrwcvv/Build/Products/Debug/PackageFrameworks -F /Users/deborahmangan/Library/Developer/Xcode/DerivedData/VoiceInk-eemogpngnlfwrxdjpxgajwlrwcvv/Build/Products/Debug/PackageFrameworks -F /Users/deborahmangan/Library/Developer/Xcode/DerivedData/VoiceInk-eemogpngnlfwrxdjpxgajwlrwcvv/Build/Products/Debug/PackageFrameworks -F /Users/deborahmangan/Library/Developer/Xcode/DerivedData/VoiceInk-eemogpngnlfwrxdjpxgajwlrwcvv/Build/Products/Debug/PackageFrameworks -F /Users/deborahmangan/Library/Developer/Xcode/DerivedData/VoiceInk-eemogpngnlfwrxdjpxgajwlrwcvv/Build/Products/Debug/PackageFrameworks -F /Users/deborahmangan/Library/Developer/Xcode/DerivedData/VoiceInk-eemogpngnlfwrxdjpxgajwlrwcvv/Build/Products/Debug/PackageFrameworks -F /Users/deborahmangan/Library/Developer/Xcode/DerivedData/VoiceInk-eemogpngnlfwrxdjpxgajwlrwcvv/Build/Products/Debug/PackageFrameworks -F /Users/deborahmangan/Library/Developer/Xcode/DerivedData/VoiceInk-eemogpngnlfwrxdjpxgajwlrwcvv/Build/Products/Debug -emit-localized-strings -emit-localized-strings-path /Users/deborahmangan/Library/Developer/Xcode/DerivedData/VoiceInk-eemogpngnlfwrxdjpxgajwlrwcvv/Build/Intermediates.noindex/VoiceInk.build/Debug/VoiceInk.build/Objects-normal/arm64 -c -j8 -enable-batch-mode -incremental -Xcc -ivfsstatcache -Xcc /Users/deborahmangan/Library/Developer/Xcode/DerivedData/SDKStatCaches.noindex/macosx26.1-25B74-3ae1261907bdadc328169391a47051a6.sdkstatcache -output-file-map /Users/deborahmangan/Library/Developer/Xcode/DerivedData/VoiceInk-eemogpngnlfwrxdjpxgajwlrwcvv/Build/Intermediates.noindex/VoiceInk.build/Debug/VoiceInk.build/Objects-normal/arm64/VoiceInk-OutputFileMap.json -use-frontend-parseable-output -save-temps -no-color-diagnostics -explicit-module-build -module-cache-path /Users/deborahmangan/Library/Developer/Xcode/DerivedData/VoiceInk-eemogpngnlfwrxdjpxgajwlrwcvv/Build/Intermediates.noindex/SwiftExplicitPrecompiledModules -clang-scanner-module-cache-path /Users/deborahmangan/Library/Developer/Xcode/DerivedData/ModuleCache.noindex -sdk-module-cache-path /Users/deborahmangan/Library/Developer/Xcode/DerivedData/ModuleCache.noindex -serialize-diagnostics -emit-dependencies -emit-module -emit-module-path /Users/deborahmangan/Library/Developer/Xcode/DerivedData/VoiceInk-eemogpngnlfwrxdjpxgajwlrwcvv/Build/Intermediates.noindex/VoiceInk.build/Debug/VoiceInk.build/Objects-normal/arm64/VoiceLink_Community.swiftmodule -validate-clang-modules-once -clang-build-session-file /Users/deborahmangan/Library/Developer/Xcode/DerivedData/ModuleCache.noindex/Session.modulevalidation -Xcc -I/Users/deborahmangan/Library/Developer/Xcode/DerivedData/VoiceInk-eemogpngnlfwrxdjpxgajwlrwcvv/Build/Intermediates.noindex/VoiceInk.build/Debug/VoiceInk.build/swift-overrides.hmap -emit-const-values -Xfrontend -const-gather-protocols-file -Xfrontend /Users/deborahmangan/Library/Developer/Xcode/DerivedData/VoiceInk-eemogpngnlfwrxdjpxgajwlrwcvv/Build/Intermediates.noindex/VoiceInk.build/Debug/VoiceInk.build/Objects-normal/arm64/VoiceInk_const_extract_protocols.json -Xcc -iquote -Xcc /Users/deborahmangan/Library/Developer/Xcode/DerivedData/VoiceInk-eemogpngnlfwrxdjpxgajwlrwcvv/Build/Intermediates.noindex/VoiceInk.build/Debug/VoiceInk.build/VoiceLink\ Community-generated-files.hmap -Xcc -I/Users/deborahmangan/Library/Developer/Xcode/DerivedData/VoiceInk-eemogpngnlfwrxdjpxgajwlrwcvv/Build/Intermediates.noindex/VoiceInk.build/Debug/VoiceInk.build/VoiceLink\ Community-own-target-headers.hmap -Xcc -I/Users/deborahmangan/Library/Developer/Xcode/DerivedData/VoiceInk-eemogpngnlfwrxdjpxgajwlrwcvv/Build/Intermediates.noindex/VoiceInk.build/Debug/VoiceInk.build/VoiceLink\ Community-all-non-framework-target-headers.hmap -Xcc -ivfsoverlay -Xcc /Users/deborahmangan/Library/Developer/Xcode/DerivedData/VoiceInk-eemogpngnlfwrxdjpxgajwlrwcvv/Build/Intermediates.noindex/VoiceInk.build/Debug/VoiceInk-121e1a399600b3f95099ba76a8495ac5-VFS/all-product-headers.yaml -Xcc -iquote -Xcc /Users/deborahmangan/Library/Developer/Xcode/DerivedData/VoiceInk-eemogpngnlfwrxdjpxgajwlrwcvv/Build/Intermediates.noindex/VoiceInk.build/Debug/VoiceInk.build/VoiceLink\ Community-project-headers.hmap -Xcc -I/Users/deborahmangan/Library/Developer/Xcode/DerivedData/VoiceInk-eemogpngnlfwrxdjpxgajwlrwcvv/SourcePackages/checkouts/onnxruntime-swift-package-manager/objectivec/include -Xcc -I/Users/deborahmangan/Library/Developer/Xcode/DerivedData/VoiceInk-eemogpngnlfwrxdjpxgajwlrwcvv/SourcePackages/checkouts/swift-atomics/Sources/_AtomicsShims/include -Xcc -I/Users/deborahmangan/Library/Developer/Xcode/DerivedData/VoiceInk-eemogpngnlfwrxdjpxgajwlrwcvv/SourcePackages/checkouts/Zip/Zip/minizip/include -Xcc -I/Users/deborahmangan/Library/Developer/Xcode/DerivedData/VoiceInk-eemogpngnlfwrxdjpxgajwlrwcvv/SourcePackages/checkouts/FluidAudio/Sources/FastClusterWrapper/include -Xcc -I/Users/deborahmangan/Library/Developer/Xcode/DerivedData/VoiceInk-eemogpngnlfwrxdjpxgajwlrwcvv/SourcePackages/checkouts/mediaremote-adapter/Sources/CIMediaRemote/include -Xcc -I/Users/deborahmangan/Library/Developer/Xcode/DerivedData/VoiceInk-eemogpngnlfwrxdjpxgajwlrwcvv/Build/Products/Debug/include -Xcc -I/Users/deborahmangan/Library/Developer/Xcode/DerivedData/VoiceInk-eemogpngnlfwrxdjpxgajwlrwcvv/Build/Intermediates.noindex/VoiceInk.build/Debug/VoiceInk.build/DerivedSources-normal/arm64 -Xcc -I/Users/deborahmangan/Library/Developer/Xcode/DerivedData/VoiceInk-eemogpngnlfwrxdjpxgajwlrwcvv/Build/Intermediates.noindex/VoiceInk.build/Debug/VoiceInk.build/DerivedSources/arm64 -Xcc -I/Users/deborahmangan/Library/Developer/Xcode/DerivedData/VoiceInk-eemogpngnlfwrxdjpxgajwlrwcvv/Build/Intermediates.noindex/VoiceInk.build/Debug/VoiceInk.build/DerivedSources -Xcc -DDEBUG\=1 -emit-objc-header -emit-objc-header-path /Users/deborahmangan/Library/Developer/Xcode/DerivedData/VoiceInk-eemogpngnlfwrxdjpxgajwlrwcvv/Build/Intermediates.noindex/VoiceInk.build/Debug/VoiceInk.build/Objects-normal/arm64/VoiceLink_Community-Swift.h -working-directory /Users/deborahmangan/Desktop/Prototypes/dev/untitled\ folder\ 3 -experimental-emit-module-separately -disable-cmo

SwiftDriver\ Compilation VoiceInk normal arm64 com.apple.xcode.tools.swift.compiler (in target 'VoiceInk' from project 'VoiceInk')
    cd /Users/deborahmangan/Desktop/Prototypes/dev/untitled\ folder\ 3
    builtin-Swift-Compilation -- /Applications/Xcode.app/Contents/Developer/Toolchains/XcodeDefault.xctoolchain/usr/bin/swiftc -module-name VoiceLink_Community -Onone -enforce-exclusivity\=checked @/Users/deborahmangan/Library/Developer/Xcode/DerivedData/VoiceInk-eemogpngnlfwrxdjpxgajwlrwcvv/Build/Intermediates.noindex/VoiceInk.build/Debug/VoiceInk.build/Objects-normal/arm64/VoiceLink\ Community.SwiftFileList -DDEBUG -DENABLE_NATIVE_SPEECH_ANALYZER -DDEBUG -DENABLE_NATIVE_SPEECH_ANALYZER -Xcc -fmodule-map-file\=/Users/deborahmangan/Library/Developer/Xcode/DerivedData/VoiceInk-eemogpngnlfwrxdjpxgajwlrwcvv/Build/Intermediates.noindex/GeneratedModuleMaps/OnnxRuntimeBindings.modulemap -Xcc -fmodule-map-file\=/Users/deborahmangan/Library/Developer/Xcode/DerivedData/VoiceInk-eemogpngnlfwrxdjpxgajwlrwcvv/Build/Intermediates.noindex/GeneratedModuleMaps/Minizip.modulemap -Xcc -fmodule-map-file\=/Users/deborahmangan/Library/Developer/Xcode/DerivedData/VoiceInk-eemogpngnlfwrxdjpxgajwlrwcvv/Build/Intermediates.noindex/GeneratedModuleMaps/CIMediaRemote.modulemap -enable-bare-slash-regex -enable-experimental-feature DebugDescriptionMacro -sdk /Applications/Xcode.app/Contents/Developer/Platforms/MacOSX.platform/Developer/SDKs/MacOSX26.1.sdk -target arm64-apple-macos14.0 -g -module-cache-path /Users/deborahmangan/Library/Developer/Xcode/DerivedData/ModuleCache.noindex -Xfrontend -serialize-debugging-options -profile-coverage-mapping -profile-generate -enable-testing -index-store-path /Users/deborahmangan/Library/Developer/Xcode/DerivedData/VoiceInk-eemogpngnlfwrxdjpxgajwlrwcvv/Index.noindex/DataStore -Xcc -D_LIBCPP_HARDENING_MODE\=_LIBCPP_HARDENING_MODE_DEBUG -swift-version 5 -I /Users/deborahmangan/Library/Developer/Xcode/DerivedData/VoiceInk-eemogpngnlfwrxdjpxgajwlrwcvv/Build/Products/Debug -F /Users/deborahmangan/Library/Developer/Xcode/DerivedData/VoiceInk-eemogpngnlfwrxdjpxgajwlrwcvv/Build/Products/Debug/PackageFrameworks -F /Users/deborahmangan/Library/Developer/Xcode/DerivedData/VoiceInk-eemogpngnlfwrxdjpxgajwlrwcvv/Build/Products/Debug/PackageFrameworks -F /Users/deborahmangan/Library/Developer/Xcode/DerivedData/VoiceInk-eemogpngnlfwrxdjpxgajwlrwcvv/Build/Products/Debug/PackageFrameworks -F /Users/deborahmangan/Library/Developer/Xcode/DerivedData/VoiceInk-eemogpngnlfwrxdjpxgajwlrwcvv/Build/Products/Debug/PackageFrameworks -F /Users/deborahmangan/Library/Developer/Xcode/DerivedData/VoiceInk-eemogpngnlfwrxdjpxgajwlrwcvv/Build/Products/Debug/PackageFrameworks -F /Users/deborahmangan/Library/Developer/Xcode/DerivedData/VoiceInk-eemogpngnlfwrxdjpxgajwlrwcvv/Build/Products/Debug/PackageFrameworks -F /Users/deborahmangan/Library/Developer/Xcode/DerivedData/VoiceInk-eemogpngnlfwrxdjpxgajwlrwcvv/Build/Products/Debug/PackageFrameworks -F /Users/deborahmangan/Library/Developer/Xcode/DerivedData/VoiceInk-eemogpngnlfwrxdjpxgajwlrwcvv/Build/Products/Debug/PackageFrameworks -F /Users/deborahmangan/Library/Developer/Xcode/DerivedData/VoiceInk-eemogpngnlfwrxdjpxgajwlrwcvv/Build/Products/Debug/PackageFrameworks -F /Users/deborahmangan/Library/Developer/Xcode/DerivedData/VoiceInk-eemogpngnlfwrxdjpxgajwlrwcvv/Build/Products/Debug/PackageFrameworks -F /Users/deborahmangan/Library/Developer/Xcode/DerivedData/VoiceInk-eemogpngnlfwrxdjpxgajwlrwcvv/Build/Products/Debug/PackageFrameworks -F /Users/deborahmangan/Library/Developer/Xcode/DerivedData/VoiceInk-eemogpngnlfwrxdjpxgajwlrwcvv/Build/Products/Debug/PackageFrameworks -F /Users/deborahmangan/Library/Developer/Xcode/DerivedData/VoiceInk-eemogpngnlfwrxdjpxgajwlrwcvv/Build/Products/Debug/PackageFrameworks -F /Users/deborahmangan/Library/Developer/Xcode/DerivedData/VoiceInk-eemogpngnlfwrxdjpxgajwlrwcvv/Build/Products/Debug/PackageFrameworks -F /Users/deborahmangan/Library/Developer/Xcode/DerivedData/VoiceInk-eemogpngnlfwrxdjpxgajwlrwcvv/Build/Products/Debug -emit-localized-strings -emit-localized-strings-path /Users/deborahmangan/Library/Developer/Xcode/DerivedData/VoiceInk-eemogpngnlfwrxdjpxgajwlrwcvv/Build/Intermediates.noindex/VoiceInk.build/Debug/VoiceInk.build/Objects-normal/arm64 -c -j8 -enable-batch-mode -incremental -Xcc -ivfsstatcache -Xcc /Users/deborahmangan/Library/Developer/Xcode/DerivedData/SDKStatCaches.noindex/macosx26.1-25B74-3ae1261907bdadc328169391a47051a6.sdkstatcache -output-file-map /Users/deborahmangan/Library/Developer/Xcode/DerivedData/VoiceInk-eemogpngnlfwrxdjpxgajwlrwcvv/Build/Intermediates.noindex/VoiceInk.build/Debug/VoiceInk.build/Objects-normal/arm64/VoiceInk-OutputFileMap.json -use-frontend-parseable-output -save-temps -no-color-diagnostics -explicit-module-build -module-cache-path /Users/deborahmangan/Library/Developer/Xcode/DerivedData/VoiceInk-eemogpngnlfwrxdjpxgajwlrwcvv/Build/Intermediates.noindex/SwiftExplicitPrecompiledModules -clang-scanner-module-cache-path /Users/deborahmangan/Library/Developer/Xcode/DerivedData/ModuleCache.noindex -sdk-module-cache-path /Users/deborahmangan/Library/Developer/Xcode/DerivedData/ModuleCache.noindex -serialize-diagnostics -emit-dependencies -emit-module -emit-module-path /Users/deborahmangan/Library/Developer/Xcode/DerivedData/VoiceInk-eemogpngnlfwrxdjpxgajwlrwcvv/Build/Intermediates.noindex/VoiceInk.build/Debug/VoiceInk.build/Objects-normal/arm64/VoiceLink_Community.swiftmodule -validate-clang-modules-once -clang-build-session-file /Users/deborahmangan/Library/Developer/Xcode/DerivedData/ModuleCache.noindex/Session.modulevalidation -Xcc -I/Users/deborahmangan/Library/Developer/Xcode/DerivedData/VoiceInk-eemogpngnlfwrxdjpxgajwlrwcvv/Build/Intermediates.noindex/VoiceInk.build/Debug/VoiceInk.build/swift-overrides.hmap -emit-const-values -Xfrontend -const-gather-protocols-file -Xfrontend /Users/deborahmangan/Library/Developer/Xcode/DerivedData/VoiceInk-eemogpngnlfwrxdjpxgajwlrwcvv/Build/Intermediates.noindex/VoiceInk.build/Debug/VoiceInk.build/Objects-normal/arm64/VoiceInk_const_extract_protocols.json -Xcc -iquote -Xcc /Users/deborahmangan/Library/Developer/Xcode/DerivedData/VoiceInk-eemogpngnlfwrxdjpxgajwlrwcvv/Build/Intermediates.noindex/VoiceInk.build/Debug/VoiceInk.build/VoiceLink\ Community-generated-files.hmap -Xcc -I/Users/deborahmangan/Library/Developer/Xcode/DerivedData/VoiceInk-eemogpngnlfwrxdjpxgajwlrwcvv/Build/Intermediates.noindex/VoiceInk.build/Debug/VoiceInk.build/VoiceLink\ Community-own-target-headers.hmap -Xcc -I/Users/deborahmangan/Library/Developer/Xcode/DerivedData/VoiceInk-eemogpngnlfwrxdjpxgajwlrwcvv/Build/Intermediates.noindex/VoiceInk.build/Debug/VoiceInk.build/VoiceLink\ Community-all-non-framework-target-headers.hmap -Xcc -ivfsoverlay -Xcc /Users/deborahmangan/Library/Developer/Xcode/DerivedData/VoiceInk-eemogpngnlfwrxdjpxgajwlrwcvv/Build/Intermediates.noindex/VoiceInk.build/Debug/VoiceInk-121e1a399600b3f95099ba76a8495ac5-VFS/all-product-headers.yaml -Xcc -iquote -Xcc /Users/deborahmangan/Library/Developer/Xcode/DerivedData/VoiceInk-eemogpngnlfwrxdjpxgajwlrwcvv/Build/Intermediates.noindex/VoiceInk.build/Debug/VoiceInk.build/VoiceLink\ Community-project-headers.hmap -Xcc -I/Users/deborahmangan/Library/Developer/Xcode/DerivedData/VoiceInk-eemogpngnlfwrxdjpxgajwlrwcvv/SourcePackages/checkouts/onnxruntime-swift-package-manager/objectivec/include -Xcc -I/Users/deborahmangan/Library/Developer/Xcode/DerivedData/VoiceInk-eemogpngnlfwrxdjpxgajwlrwcvv/SourcePackages/checkouts/swift-atomics/Sources/_AtomicsShims/include -Xcc -I/Users/deborahmangan/Library/Developer/Xcode/DerivedData/VoiceInk-eemogpngnlfwrxdjpxgajwlrwcvv/SourcePackages/checkouts/Zip/Zip/minizip/include -Xcc -I/Users/deborahmangan/Library/Developer/Xcode/DerivedData/VoiceInk-eemogpngnlfwrxdjpxgajwlrwcvv/SourcePackages/checkouts/FluidAudio/Sources/FastClusterWrapper/include -Xcc -I/Users/deborahmangan/Library/Developer/Xcode/DerivedData/VoiceInk-eemogpngnlfwrxdjpxgajwlrwcvv/SourcePackages/checkouts/mediaremote-adapter/Sources/CIMediaRemote/include -Xcc -I/Users/deborahmangan/Library/Developer/Xcode/DerivedData/VoiceInk-eemogpngnlfwrxdjpxgajwlrwcvv/Build/Products/Debug/include -Xcc -I/Users/deborahmangan/Library/Developer/Xcode/DerivedData/VoiceInk-eemogpngnlfwrxdjpxgajwlrwcvv/Build/Intermediates.noindex/VoiceInk.build/Debug/VoiceInk.build/DerivedSources-normal/arm64 -Xcc -I/Users/deborahmangan/Library/Developer/Xcode/DerivedData/VoiceInk-eemogpngnlfwrxdjpxgajwlrwcvv/Build/Intermediates.noindex/VoiceInk.build/Debug/VoiceInk.build/DerivedSources/arm64 -Xcc -I/Users/deborahmangan/Library/Developer/Xcode/DerivedData/VoiceInk-eemogpngnlfwrxdjpxgajwlrwcvv/Build/Intermediates.noindex/VoiceInk.build/Debug/VoiceInk.build/DerivedSources -Xcc -DDEBUG\=1 -emit-objc-header -emit-objc-header-path /Users/deborahmangan/Library/Developer/Xcode/DerivedData/VoiceInk-eemogpngnlfwrxdjpxgajwlrwcvv/Build/Intermediates.noindex/VoiceInk.build/Debug/VoiceInk.build/Objects-normal/arm64/VoiceLink_Community-Swift.h -working-directory /Users/deborahmangan/Desktop/Prototypes/dev/untitled\ folder\ 3 -experimental-emit-module-separately -disable-cmo

Copy /Users/deborahmangan/Library/Developer/Xcode/DerivedData/VoiceInk-eemogpngnlfwrxdjpxgajwlrwcvv/Build/Products/Debug/VoiceLink_Community.swiftmodule/Project/arm64-apple-macos.swiftsourceinfo /Users/deborahmangan/Library/Developer/Xcode/DerivedData/VoiceInk-eemogpngnlfwrxdjpxgajwlrwcvv/Build/Intermediates.noindex/VoiceInk.build/Debug/VoiceInk.build/Objects-normal/arm64/VoiceLink_Community.swiftsourceinfo (in target 'VoiceInk' from project 'VoiceInk')
    cd /Users/deborahmangan/Desktop/Prototypes/dev/untitled\ folder\ 3
    builtin-copy -exclude .DS_Store -exclude CVS -exclude .svn -exclude .git -exclude .hg -resolve-src-symlinks -rename /Users/deborahmangan/Library/Developer/Xcode/DerivedData/VoiceInk-eemogpngnlfwrxdjpxgajwlrwcvv/Build/Intermediates.noindex/VoiceInk.build/Debug/VoiceInk.build/Objects-normal/arm64/VoiceLink_Community.swiftsourceinfo /Users/deborahmangan/Library/Developer/Xcode/DerivedData/VoiceInk-eemogpngnlfwrxdjpxgajwlrwcvv/Build/Products/Debug/VoiceLink_Community.swiftmodule/Project/arm64-apple-macos.swiftsourceinfo

Copy /Users/deborahmangan/Library/Developer/Xcode/DerivedData/VoiceInk-eemogpngnlfwrxdjpxgajwlrwcvv/Build/Products/Debug/VoiceLink_Community.swiftmodule/arm64-apple-macos.abi.json /Users/deborahmangan/Library/Developer/Xcode/DerivedData/VoiceInk-eemogpngnlfwrxdjpxgajwlrwcvv/Build/Intermediates.noindex/VoiceInk.build/Debug/VoiceInk.build/Objects-normal/arm64/VoiceLink_Community.abi.json (in target 'VoiceInk' from project 'VoiceInk')
    cd /Users/deborahmangan/Desktop/Prototypes/dev/untitled\ folder\ 3
    builtin-copy -exclude .DS_Store -exclude CVS -exclude .svn -exclude .git -exclude .hg -resolve-src-symlinks -rename /Users/deborahmangan/Library/Developer/Xcode/DerivedData/VoiceInk-eemogpngnlfwrxdjpxgajwlrwcvv/Build/Intermediates.noindex/VoiceInk.build/Debug/VoiceInk.build/Objects-normal/arm64/VoiceLink_Community.abi.json /Users/deborahmangan/Library/Developer/Xcode/DerivedData/VoiceInk-eemogpngnlfwrxdjpxgajwlrwcvv/Build/Products/Debug/VoiceLink_Community.swiftmodule/arm64-apple-macos.abi.json

Copy /Users/deborahmangan/Library/Developer/Xcode/DerivedData/VoiceInk-eemogpngnlfwrxdjpxgajwlrwcvv/Build/Products/Debug/VoiceLink_Community.swiftmodule/arm64-apple-macos.swiftmodule /Users/deborahmangan/Library/Developer/Xcode/DerivedData/VoiceInk-eemogpngnlfwrxdjpxgajwlrwcvv/Build/Intermediates.noindex/VoiceInk.build/Debug/VoiceInk.build/Objects-normal/arm64/VoiceLink_Community.swiftmodule (in target 'VoiceInk' from project 'VoiceInk')
    cd /Users/deborahmangan/Desktop/Prototypes/dev/untitled\ folder\ 3
    builtin-copy -exclude .DS_Store -exclude CVS -exclude .svn -exclude .git -exclude .hg -resolve-src-symlinks -rename /Users/deborahmangan/Library/Developer/Xcode/DerivedData/VoiceInk-eemogpngnlfwrxdjpxgajwlrwcvv/Build/Intermediates.noindex/VoiceInk.build/Debug/VoiceInk.build/Objects-normal/arm64/VoiceLink_Community.swiftmodule /Users/deborahmangan/Library/Developer/Xcode/DerivedData/VoiceInk-eemogpngnlfwrxdjpxgajwlrwcvv/Build/Products/Debug/VoiceLink_Community.swiftmodule/arm64-apple-macos.swiftmodule

Ld /Users/deborahmangan/Library/Developer/Xcode/DerivedData/VoiceInk-eemogpngnlfwrxdjpxgajwlrwcvv/Build/Products/Debug/VoiceLink\ Community.app/Contents/MacOS/VoiceLink\ Community.debug.dylib normal (in target 'VoiceInk' from project 'VoiceInk')
    cd /Users/deborahmangan/Desktop/Prototypes/dev/untitled\ folder\ 3
    /Applications/Xcode.app/Contents/Developer/Toolchains/XcodeDefault.xctoolchain/usr/bin/clang -Xlinker -reproducible -target arm64-apple-macos14.0 -dynamiclib -isysroot /Applications/Xcode.app/Contents/Developer/Platforms/MacOSX.platform/Developer/SDKs/MacOSX26.1.sdk -O0 -L/Users/deborahmangan/Library/Developer/Xcode/DerivedData/VoiceInk-eemogpngnlfwrxdjpxgajwlrwcvv/Build/Intermediates.noindex/EagerLinkingTBDs/Debug -L/Users/deborahmangan/Library/Developer/Xcode/DerivedData/VoiceInk-eemogpngnlfwrxdjpxgajwlrwcvv/Build/Products/Debug -F/Users/deborahmangan/Library/Developer/Xcode/DerivedData/VoiceInk-eemogpngnlfwrxdjpxgajwlrwcvv/Build/Intermediates.noindex/EagerLinkingTBDs/Debug -F/Users/deborahmangan/Library/Developer/Xcode/DerivedData/VoiceInk-eemogpngnlfwrxdjpxgajwlrwcvv/Build/Products/Debug/PackageFrameworks -F/Users/deborahmangan/Library/Developer/Xcode/DerivedData/VoiceInk-eemogpngnlfwrxdjpxgajwlrwcvv/Build/Products/Debug/PackageFrameworks -F/Users/deborahmangan/Library/Developer/Xcode/DerivedData/VoiceInk-eemogpngnlfwrxdjpxgajwlrwcvv/Build/Products/Debug/PackageFrameworks -F/Users/deborahmangan/Library/Developer/Xcode/DerivedData/VoiceInk-eemogpngnlfwrxdjpxgajwlrwcvv/Build/Products/Debug/PackageFrameworks -F/Users/deborahmangan/Library/Developer/Xcode/DerivedData/VoiceInk-eemogpngnlfwrxdjpxgajwlrwcvv/Build/Products/Debug/PackageFrameworks -F/Users/deborahmangan/Library/Developer/Xcode/DerivedData/VoiceInk-eemogpngnlfwrxdjpxgajwlrwcvv/Build/Products/Debug/PackageFrameworks -F/Users/deborahmangan/Library/Developer/Xcode/DerivedData/VoiceInk-eemogpngnlfwrxdjpxgajwlrwcvv/Build/Products/Debug/PackageFrameworks -F/Users/deborahmangan/Library/Developer/Xcode/DerivedData/VoiceInk-eemogpngnlfwrxdjpxgajwlrwcvv/Build/Products/Debug/PackageFrameworks -F/Users/deborahmangan/Library/Developer/Xcode/DerivedData/VoiceInk-eemogpngnlfwrxdjpxgajwlrwcvv/Build/Products/Debug/PackageFrameworks -F/Users/deborahmangan/Library/Developer/Xcode/DerivedData/VoiceInk-eemogpngnlfwrxdjpxgajwlrwcvv/Build/Products/Debug/PackageFrameworks -F/Users/deborahmangan/Library/Developer/Xcode/DerivedData/VoiceInk-eemogpngnlfwrxdjpxgajwlrwcvv/Build/Products/Debug/PackageFrameworks -F/Users/deborahmangan/Library/Developer/Xcode/DerivedData/VoiceInk-eemogpngnlfwrxdjpxgajwlrwcvv/Build/Products/Debug/PackageFrameworks -F/Users/deborahmangan/Library/Developer/Xcode/DerivedData/VoiceInk-eemogpngnlfwrxdjpxgajwlrwcvv/Build/Products/Debug/PackageFrameworks -F/Users/deborahmangan/Library/Developer/Xcode/DerivedData/VoiceInk-eemogpngnlfwrxdjpxgajwlrwcvv/Build/Products/Debug/PackageFrameworks -F/Users/deborahmangan/Library/Developer/Xcode/DerivedData/VoiceInk-eemogpngnlfwrxdjpxgajwlrwcvv/Build/Products/Debug -filelist /Users/deborahmangan/Library/Developer/Xcode/DerivedData/VoiceInk-eemogpngnlfwrxdjpxgajwlrwcvv/Build/Intermediates.noindex/VoiceInk.build/Debug/VoiceInk.build/Objects-normal/arm64/VoiceLink\ Community.LinkFileList -install_name @rpath/VoiceLink\ Community.debug.dylib -Xlinker -rpath -Xlinker /usr/lib/swift -Xlinker -rpath -Xlinker /Users/deborahmangan/Library/Developer/Xcode/DerivedData/VoiceInk-eemogpngnlfwrxdjpxgajwlrwcvv/Build/Products/Debug/PackageFrameworks -Xlinker -rpath -Xlinker @executable_path/../Frameworks -Xlinker -object_path_lto -Xlinker /Users/deborahmangan/Library/Developer/Xcode/DerivedData/VoiceInk-eemogpngnlfwrxdjpxgajwlrwcvv/Build/Intermediates.noindex/VoiceInk.build/Debug/VoiceInk.build/Objects-normal/arm64/VoiceLink\ Community_lto.o -rdynamic -Xlinker -no_deduplicate -Xlinker -debug_variant -Xlinker -dependency_info -Xlinker /Users/deborahmangan/Library/Developer/Xcode/DerivedData/VoiceInk-eemogpngnlfwrxdjpxgajwlrwcvv/Build/Intermediates.noindex/VoiceInk.build/Debug/VoiceInk.build/Objects-normal/arm64/VoiceLink\ Community_dependency_info.dat -fobjc-link-runtime -fprofile-instr-generate -L/Applications/Xcode.app/Contents/Developer/Toolchains/XcodeDefault.xctoolchain/usr/lib/swift/macosx -L/usr/lib/swift -Xlinker -add_ast_path -Xlinker /Users/deborahmangan/Library/Developer/Xcode/DerivedData/VoiceInk-eemogpngnlfwrxdjpxgajwlrwcvv/Build/Intermediates.noindex/VoiceInk.build/Debug/VoiceInk.build/Objects-normal/arm64/VoiceLink_Community.swiftmodule @/Users/deborahmangan/Library/Developer/Xcode/DerivedData/VoiceInk-eemogpngnlfwrxdjpxgajwlrwcvv/Build/Intermediates.noindex/VoiceInk.build/Debug/VoiceInk.build/Objects-normal/arm64/VoiceLink_Community-linker-args.resp -lc++ -Wl,-no_warn_duplicate_libraries -Wl,-no_warn_duplicate_libraries -Wl,-no_warn_duplicate_libraries -Wl,-no_warn_duplicate_libraries -Wl,-no_warn_duplicate_libraries -Wl,-no_warn_duplicate_libraries -lc++ -Wl,-no_warn_duplicate_libraries -Wl,-no_warn_duplicate_libraries -Wl,-no_warn_duplicate_libraries -Wl,-no_warn_duplicate_libraries -Wl,-no_warn_duplicate_libraries -Wl,-no_warn_duplicate_libraries -Wl,-no_warn_duplicate_libraries -Wl,-no_warn_duplicate_libraries -framework Foundation -framework AppKit -lz -Xlinker -alias -Xlinker _main -Xlinker ___debug_main_executable_dylib_entry_point -framework onnxruntime -framework ESpeakNG /Users/deborahmangan/Library/Developer/Xcode/DerivedData/VoiceInk-eemogpngnlfwrxdjpxgajwlrwcvv/Build/Products/Debug/PackageFrameworks/MediaRemoteAdapter.framework/Versions/A/MediaRemoteAdapter -framework whisper -framework Sparkle -o /Users/deborahmangan/Library/Developer/Xcode/DerivedData/VoiceInk-eemogpngnlfwrxdjpxgajwlrwcvv/Build/Products/Debug/VoiceLink\ Community.app/Contents/MacOS/VoiceLink\ Community.debug.dylib -Xlinker -add_ast_path -Xlinker /Users/deborahmangan/Library/Developer/Xcode/DerivedData/VoiceInk-eemogpngnlfwrxdjpxgajwlrwcvv/Build/Intermediates.noindex/swift-atomics.build/Debug/Atomics.build/Objects-normal/arm64/Atomics.swiftmodule @/Users/deborahmangan/Library/Developer/Xcode/DerivedData/VoiceInk-eemogpngnlfwrxdjpxgajwlrwcvv/Build/Intermediates.noindex/swift-atomics.build/Debug/Atomics.build/Objects-normal/arm64/Atomics-linker-args.resp -Xlinker -add_ast_path -Xlinker /Users/deborahmangan/Library/Developer/Xcode/DerivedData/VoiceInk-eemogpngnlfwrxdjpxgajwlrwcvv/Build/Intermediates.noindex/Zip.build/Debug/Zip.build/Objects-normal/arm64/Zip.swiftmodule @/Users/deborahmangan/Library/Developer/Xcode/DerivedData/VoiceInk-eemogpngnlfwrxdjpxgajwlrwcvv/Build/Intermediates.noindex/Zip.build/Debug/Zip.build/Objects-normal/arm64/Zip-linker-args.resp -Xlinker -add_ast_path -Xlinker /Users/deborahmangan/Library/Developer/Xcode/DerivedData/VoiceInk-eemogpngnlfwrxdjpxgajwlrwcvv/Build/Intermediates.noindex/LaunchAtLogin.build/Debug/LaunchAtLogin.build/Objects-normal/arm64/LaunchAtLogin.swiftmodule @/Users/deborahmangan/Library/Developer/Xcode/DerivedData/VoiceInk-eemogpngnlfwrxdjpxgajwlrwcvv/Build/Intermediates.noindex/LaunchAtLogin.build/Debug/LaunchAtLogin.build/Objects-normal/arm64/LaunchAtLogin-linker-args.resp -Xlinker -add_ast_path -Xlinker /Users/deborahmangan/Library/Developer/Xcode/DerivedData/VoiceInk-eemogpngnlfwrxdjpxgajwlrwcvv/Build/Intermediates.noindex/FluidAudio.build/Debug/FluidAudio.build/Objects-normal/arm64/FluidAudio.swiftmodule @/Users/deborahmangan/Library/Developer/Xcode/DerivedData/VoiceInk-eemogpngnlfwrxdjpxgajwlrwcvv/Build/Intermediates.noindex/FluidAudio.build/Debug/FluidAudio.build/Objects-normal/arm64/FluidAudio-linker-args.resp -Xlinker -add_ast_path -Xlinker /Users/deborahmangan/Library/Developer/Xcode/DerivedData/VoiceInk-eemogpngnlfwrxdjpxgajwlrwcvv/Build/Intermediates.noindex/SelectedTextKit.build/Debug/SelectedTextKit.build/Objects-normal/arm64/SelectedTextKit.swiftmodule @/Users/deborahmangan/Library/Developer/Xcode/DerivedData/VoiceInk-eemogpngnlfwrxdjpxgajwlrwcvv/Build/Intermediates.noindex/SelectedTextKit.build/Debug/SelectedTextKit.build/Objects-normal/arm64/SelectedTextKit-linker-args.resp -Xlinker -add_ast_path -Xlinker /Users/deborahmangan/Library/Developer/Xcode/DerivedData/VoiceInk-eemogpngnlfwrxdjpxgajwlrwcvv/Build/Intermediates.noindex/AXSwift.build/Debug/AXSwift.build/Objects-normal/arm64/AXSwift.swiftmodule @/Users/deborahmangan/Library/Developer/Xcode/DerivedData/VoiceInk-eemogpngnlfwrxdjpxgajwlrwcvv/Build/Intermediates.noindex/AXSwift.build/Debug/AXSwift.build/Objects-normal/arm64/AXSwift-linker-args.resp -Xlinker -add_ast_path -Xlinker /Users/deborahmangan/Library/Developer/Xcode/DerivedData/VoiceInk-eemogpngnlfwrxdjpxgajwlrwcvv/Build/Intermediates.noindex/KeySender.build/Debug/KeySender.build/Objects-normal/arm64/KeySender.swiftmodule @/Users/deborahmangan/Library/Developer/Xcode/DerivedData/VoiceInk-eemogpngnlfwrxdjpxgajwlrwcvv/Build/Intermediates.noindex/KeySender.build/Debug/KeySender.build/Objects-normal/arm64/KeySender-linker-args.resp -Xlinker -add_ast_path -Xlinker /Users/deborahmangan/Library/Developer/Xcode/DerivedData/VoiceInk-eemogpngnlfwrxdjpxgajwlrwcvv/Build/Intermediates.noindex/KeyboardShortcuts.build/Debug/KeyboardShortcuts.build/Objects-normal/arm64/KeyboardShortcuts.swiftmodule @/Users/deborahmangan/Library/Developer/Xcode/DerivedData/VoiceInk-eemogpngnlfwrxdjpxgajwlrwcvv/Build/Intermediates.noindex/KeyboardShortcuts.build/Debug/KeyboardShortcuts.build/Objects-normal/arm64/KeyboardShortcuts-linker-args.resp

ConstructStubExecutorLinkFileList /Users/deborahmangan/Library/Developer/Xcode/DerivedData/VoiceInk-eemogpngnlfwrxdjpxgajwlrwcvv/Build/Intermediates.noindex/VoiceInk.build/Debug/VoiceInk.build/VoiceLink\ Community-ExecutorLinkFileList-normal-arm64.txt (in target 'VoiceInk' from project 'VoiceInk')
    cd /Users/deborahmangan/Desktop/Prototypes/dev/untitled\ folder\ 3
    construct-stub-executor-link-file-list /Users/deborahmangan/Library/Developer/Xcode/DerivedData/VoiceInk-eemogpngnlfwrxdjpxgajwlrwcvv/Build/Products/Debug/VoiceLink\ Community.app/Contents/MacOS/VoiceLink\ Community.debug.dylib /Applications/Xcode.app/Contents/Developer/Platforms/MacOSX.platform/Developer/usr/lib/libPreviewsJITStubExecutor_no_swift_entry_point.a /Applications/Xcode.app/Contents/Developer/Platforms/MacOSX.platform/Developer/usr/lib/libPreviewsJITStubExecutor.a --output /Users/deborahmangan/Library/Developer/Xcode/DerivedData/VoiceInk-eemogpngnlfwrxdjpxgajwlrwcvv/Build/Intermediates.noindex/VoiceInk.build/Debug/VoiceInk.build/VoiceLink\ Community-ExecutorLinkFileList-normal-arm64.txt
note: Using stub executor library with Swift entry point. (in target 'VoiceInk' from project 'VoiceInk')

Ld /Users/deborahmangan/Library/Developer/Xcode/DerivedData/VoiceInk-eemogpngnlfwrxdjpxgajwlrwcvv/Build/Products/Debug/VoiceLink\ Community.app/Contents/MacOS/VoiceLink\ Community normal (in target 'VoiceInk' from project 'VoiceInk')
    cd /Users/deborahmangan/Desktop/Prototypes/dev/untitled\ folder\ 3
    /Applications/Xcode.app/Contents/Developer/Toolchains/XcodeDefault.xctoolchain/usr/bin/clang -Xlinker -reproducible -target arm64-apple-macos14.0 -isysroot /Applications/Xcode.app/Contents/Developer/Platforms/MacOSX.platform/Developer/SDKs/MacOSX26.1.sdk -O0 -L/Users/deborahmangan/Library/Developer/Xcode/DerivedData/VoiceInk-eemogpngnlfwrxdjpxgajwlrwcvv/Build/Products/Debug -F/Users/deborahmangan/Library/Developer/Xcode/DerivedData/VoiceInk-eemogpngnlfwrxdjpxgajwlrwcvv/Build/Products/Debug/PackageFrameworks -F/Users/deborahmangan/Library/Developer/Xcode/DerivedData/VoiceInk-eemogpngnlfwrxdjpxgajwlrwcvv/Build/Products/Debug/PackageFrameworks -F/Users/deborahmangan/Library/Developer/Xcode/DerivedData/VoiceInk-eemogpngnlfwrxdjpxgajwlrwcvv/Build/Products/Debug/PackageFrameworks -F/Users/deborahmangan/Library/Developer/Xcode/DerivedData/VoiceInk-eemogpngnlfwrxdjpxgajwlrwcvv/Build/Products/Debug/PackageFrameworks -F/Users/deborahmangan/Library/Developer/Xcode/DerivedData/VoiceInk-eemogpngnlfwrxdjpxgajwlrwcvv/Build/Products/Debug/PackageFrameworks -F/Users/deborahmangan/Library/Developer/Xcode/DerivedData/VoiceInk-eemogpngnlfwrxdjpxgajwlrwcvv/Build/Products/Debug/PackageFrameworks -F/Users/deborahmangan/Library/Developer/Xcode/DerivedData/VoiceInk-eemogpngnlfwrxdjpxgajwlrwcvv/Build/Products/Debug/PackageFrameworks -F/Users/deborahmangan/Library/Developer/Xcode/DerivedData/VoiceInk-eemogpngnlfwrxdjpxgajwlrwcvv/Build/Products/Debug/PackageFrameworks -F/Users/deborahmangan/Library/Developer/Xcode/DerivedData/VoiceInk-eemogpngnlfwrxdjpxgajwlrwcvv/Build/Products/Debug/PackageFrameworks -F/Users/deborahmangan/Library/Developer/Xcode/DerivedData/VoiceInk-eemogpngnlfwrxdjpxgajwlrwcvv/Build/Products/Debug/PackageFrameworks -F/Users/deborahmangan/Library/Developer/Xcode/DerivedData/VoiceInk-eemogpngnlfwrxdjpxgajwlrwcvv/Build/Products/Debug/PackageFrameworks -F/Users/deborahmangan/Library/Developer/Xcode/DerivedData/VoiceInk-eemogpngnlfwrxdjpxgajwlrwcvv/Build/Products/Debug/PackageFrameworks -F/Users/deborahmangan/Library/Developer/Xcode/DerivedData/VoiceInk-eemogpngnlfwrxdjpxgajwlrwcvv/Build/Products/Debug/PackageFrameworks -F/Users/deborahmangan/Library/Developer/Xcode/DerivedData/VoiceInk-eemogpngnlfwrxdjpxgajwlrwcvv/Build/Products/Debug/PackageFrameworks -F/Users/deborahmangan/Library/Developer/Xcode/DerivedData/VoiceInk-eemogpngnlfwrxdjpxgajwlrwcvv/Build/Products/Debug -Xlinker -rpath -Xlinker @executable_path -Xlinker -rpath -Xlinker /Users/deborahmangan/Library/Developer/Xcode/DerivedData/VoiceInk-eemogpngnlfwrxdjpxgajwlrwcvv/Build/Products/Debug/PackageFrameworks -Xlinker -rpath -Xlinker @executable_path/../Frameworks -rdynamic -Xlinker -no_deduplicate -Xlinker -debug_variant -e ___debug_blank_executor_main -Xlinker -sectcreate -Xlinker __TEXT -Xlinker __debug_dylib -Xlinker /Users/deborahmangan/Library/Developer/Xcode/DerivedData/VoiceInk-eemogpngnlfwrxdjpxgajwlrwcvv/Build/Intermediates.noindex/VoiceInk.build/Debug/VoiceInk.build/VoiceLink\ Community-DebugDylibPath-normal-arm64.txt -Xlinker -sectcreate -Xlinker __TEXT -Xlinker __debug_instlnm -Xlinker /Users/deborahmangan/Library/Developer/Xcode/DerivedData/VoiceInk-eemogpngnlfwrxdjpxgajwlrwcvv/Build/Intermediates.noindex/VoiceInk.build/Debug/VoiceInk.build/VoiceLink\ Community-DebugDylibInstallName-normal-arm64.txt -Xlinker -filelist -Xlinker /Users/deborahmangan/Library/Developer/Xcode/DerivedData/VoiceInk-eemogpngnlfwrxdjpxgajwlrwcvv/Build/Intermediates.noindex/VoiceInk.build/Debug/VoiceInk.build/VoiceLink\ Community-ExecutorLinkFileList-normal-arm64.txt /Users/deborahmangan/Library/Developer/Xcode/DerivedData/VoiceInk-eemogpngnlfwrxdjpxgajwlrwcvv/Build/Products/Debug/VoiceLink\ Community.app/Contents/MacOS/VoiceLink\ Community.debug.dylib -o /Users/deborahmangan/Library/Developer/Xcode/DerivedData/VoiceInk-eemogpngnlfwrxdjpxgajwlrwcvv/Build/Products/Debug/VoiceLink\ Community.app/Contents/MacOS/VoiceLink\ Community

ProcessInfoPlistFile /Users/deborahmangan/Library/Developer/Xcode/DerivedData/VoiceInk-eemogpngnlfwrxdjpxgajwlrwcvv/Build/Products/Debug/VoiceLink\ Community.app/Contents/Info.plist /Users/deborahmangan/Desktop/Prototypes/dev/untitled\ folder\ 3/VoiceInk/Info.plist (in target 'VoiceInk' from project 'VoiceInk')
    cd /Users/deborahmangan/Desktop/Prototypes/dev/untitled\ folder\ 3
    builtin-infoPlistUtility /Users/deborahmangan/Desktop/Prototypes/dev/untitled\ folder\ 3/VoiceInk/Info.plist -producttype com.apple.product-type.application -genpkginfo /Users/deborahmangan/Library/Developer/Xcode/DerivedData/VoiceInk-eemogpngnlfwrxdjpxgajwlrwcvv/Build/Products/Debug/VoiceLink\ Community.app/Contents/PkgInfo -expandbuildsettings -platform macosx -additionalcontentfile /Users/deborahmangan/Library/Developer/Xcode/DerivedData/VoiceInk-eemogpngnlfwrxdjpxgajwlrwcvv/Build/Intermediates.noindex/VoiceInk.build/Debug/VoiceInk.build/assetcatalog_generated_info.plist -scanforprivacyfile /Users/deborahmangan/Library/Developer/Xcode/DerivedData/VoiceInk-eemogpngnlfwrxdjpxgajwlrwcvv/Build/Products/Debug/VoiceLink\ Community.app/Contents/Frameworks/ESpeakNG.framework -scanforprivacyfile /Users/deborahmangan/Library/Developer/Xcode/DerivedData/VoiceInk-eemogpngnlfwrxdjpxgajwlrwcvv/Build/Products/Debug/VoiceLink\ Community.app/Contents/Frameworks/MediaRemoteAdapter.framework -scanforprivacyfile /Users/deborahmangan/Library/Developer/Xcode/DerivedData/VoiceInk-eemogpngnlfwrxdjpxgajwlrwcvv/Build/Products/Debug/VoiceLink\ Community.app/Contents/Frameworks/Sparkle.framework -scanforprivacyfile /Users/deborahmangan/Library/Developer/Xcode/DerivedData/VoiceInk-eemogpngnlfwrxdjpxgajwlrwcvv/Build/Products/Debug/VoiceLink\ Community.app/Contents/Frameworks/onnxruntime.framework -scanforprivacyfile /Users/deborahmangan/Library/Developer/Xcode/DerivedData/VoiceInk-eemogpngnlfwrxdjpxgajwlrwcvv/Build/Products/Debug/VoiceLink\ Community.app/Contents/Frameworks/whisper.framework -scanforprivacyfile /Users/deborahmangan/Library/Developer/Xcode/DerivedData/VoiceInk-eemogpngnlfwrxdjpxgajwlrwcvv/Build/Products/Debug/VoiceLink\ Community.app/Contents/Resources/KeyboardShortcuts_KeyboardShortcuts.bundle -scanforprivacyfile /Users/deborahmangan/Library/Developer/Xcode/DerivedData/VoiceInk-eemogpngnlfwrxdjpxgajwlrwcvv/Build/Products/Debug/VoiceLink\ Community.app/Contents/Resources/MediaRemoteAdapter_MediaRemoteAdapter.bundle -o /Users/deborahmangan/Library/Developer/Xcode/DerivedData/VoiceInk-eemogpngnlfwrxdjpxgajwlrwcvv/Build/Products/Debug/VoiceLink\ Community.app/Contents/Info.plist

ExtractAppIntentsMetadata (in target 'VoiceInk' from project 'VoiceInk')
    cd /Users/deborahmangan/Desktop/Prototypes/dev/untitled\ folder\ 3
    /Applications/Xcode.app/Contents/Developer/Toolchains/XcodeDefault.xctoolchain/usr/bin/appintentsmetadataprocessor --toolchain-dir /Applications/Xcode.app/Contents/Developer/Toolchains/XcodeDefault.xctoolchain --module-name VoiceLink_Community --sdk-root /Applications/Xcode.app/Contents/Developer/Platforms/MacOSX.platform/Developer/SDKs/MacOSX26.1.sdk --xcode-version 17B100 --platform-family macOS --deployment-target 14.0 --bundle-identifier com.tmm22.VoiceLinkCommunity --output /Users/deborahmangan/Library/Developer/Xcode/DerivedData/VoiceInk-eemogpngnlfwrxdjpxgajwlrwcvv/Build/Products/Debug/VoiceLink\ Community.app/Contents/Resources --target-triple arm64-apple-macos14.0 --binary-file /Users/deborahmangan/Library/Developer/Xcode/DerivedData/VoiceInk-eemogpngnlfwrxdjpxgajwlrwcvv/Build/Products/Debug/VoiceLink\ Community.app/Contents/MacOS/VoiceLink\ Community --dependency-file /Users/deborahmangan/Library/Developer/Xcode/DerivedData/VoiceInk-eemogpngnlfwrxdjpxgajwlrwcvv/Build/Intermediates.noindex/VoiceInk.build/Debug/VoiceInk.build/Objects-normal/arm64/VoiceLink\ Community_dependency_info.dat --stringsdata-file /Users/deborahmangan/Library/Developer/Xcode/DerivedData/VoiceInk-eemogpngnlfwrxdjpxgajwlrwcvv/Build/Intermediates.noindex/VoiceInk.build/Debug/VoiceInk.build/Objects-normal/arm64/ExtractedAppShortcutsMetadata.stringsdata --source-file-list /Users/deborahmangan/Library/Developer/Xcode/DerivedData/VoiceInk-eemogpngnlfwrxdjpxgajwlrwcvv/Build/Intermediates.noindex/VoiceInk.build/Debug/VoiceInk.build/Objects-normal/arm64/VoiceLink\ Community.SwiftFileList --metadata-file-list /Users/deborahmangan/Library/Developer/Xcode/DerivedData/VoiceInk-eemogpngnlfwrxdjpxgajwlrwcvv/Build/Intermediates.noindex/VoiceInk.build/Debug/VoiceInk.build/VoiceLink\ Community.DependencyMetadataFileList --static-metadata-file-list /Users/deborahmangan/Library/Developer/Xcode/DerivedData/VoiceInk-eemogpngnlfwrxdjpxgajwlrwcvv/Build/Intermediates.noindex/VoiceInk.build/Debug/VoiceInk.build/VoiceLink\ Community.DependencyStaticMetadataFileList --swift-const-vals-list /Users/deborahmangan/Library/Developer/Xcode/DerivedData/VoiceInk-eemogpngnlfwrxdjpxgajwlrwcvv/Build/Intermediates.noindex/VoiceInk.build/Debug/VoiceInk.build/Objects-normal/arm64/VoiceLink\ Community.SwiftConstValuesFileList --compile-time-extraction --deployment-aware-processing --validate-assistant-intents --no-app-shortcuts-localization
2025-12-06 08:41:04.640 appintentsmetadataprocessor[23519:17911432] Starting appintentsmetadataprocessor export
2025-12-06 08:41:04.831 appintentsmetadataprocessor[23519:17911432] Writing Metadata.appintents
2025-12-06 08:41:04.831 appintentsmetadataprocessor[23519:17911432] Metadata root: /Users/deborahmangan/Library/Developer/Xcode/DerivedData/VoiceInk-eemogpngnlfwrxdjpxgajwlrwcvv/Build/Products/Debug/VoiceLink Community.app/Contents/Resources/Metadata.appintents

CopySwiftLibs /Users/deborahmangan/Library/Developer/Xcode/DerivedData/VoiceInk-eemogpngnlfwrxdjpxgajwlrwcvv/Build/Products/Debug/VoiceLink\ Community.app (in target 'VoiceInk' from project 'VoiceInk')
    cd /Users/deborahmangan/Desktop/Prototypes/dev/untitled\ folder\ 3
    builtin-swiftStdLibTool --copy --verbose --scan-executable /Users/deborahmangan/Library/Developer/Xcode/DerivedData/VoiceInk-eemogpngnlfwrxdjpxgajwlrwcvv/Build/Products/Debug/VoiceLink\ Community.app/Contents/MacOS/VoiceLink\ Community.debug.dylib --scan-folder /Users/deborahmangan/Library/Developer/Xcode/DerivedData/VoiceInk-eemogpngnlfwrxdjpxgajwlrwcvv/Build/Products/Debug/VoiceLink\ Community.app/Contents/Frameworks --scan-folder /Users/deborahmangan/Library/Developer/Xcode/DerivedData/VoiceInk-eemogpngnlfwrxdjpxgajwlrwcvv/Build/Products/Debug/VoiceLink\ Community.app/Contents/PlugIns --scan-folder /Users/deborahmangan/Library/Developer/Xcode/DerivedData/VoiceInk-eemogpngnlfwrxdjpxgajwlrwcvv/Build/Products/Debug/VoiceLink\ Community.app/Contents/Library/SystemExtensions --scan-folder /Users/deborahmangan/Library/Developer/Xcode/DerivedData/VoiceInk-eemogpngnlfwrxdjpxgajwlrwcvv/Build/Products/Debug/VoiceLink\ Community.app/Contents/Extensions --scan-folder /Users/deborahmangan/Library/Developer/Xcode/DerivedData/VoiceInk-eemogpngnlfwrxdjpxgajwlrwcvv/Build/Products/Debug/PackageFrameworks/MediaRemoteAdapter.framework --platform macosx --toolchain /Applications/Xcode.app/Contents/Developer/Toolchains/XcodeDefault.xctoolchain --destination /Users/deborahmangan/Library/Developer/Xcode/DerivedData/VoiceInk-eemogpngnlfwrxdjpxgajwlrwcvv/Build/Products/Debug/VoiceLink\ Community.app/Contents/Frameworks --strip-bitcode --strip-bitcode-tool /Applications/Xcode.app/Contents/Developer/Toolchains/XcodeDefault.xctoolchain/usr/bin/bitcode_strip --emit-dependency-info /Users/deborahmangan/Library/Developer/Xcode/DerivedData/VoiceInk-eemogpngnlfwrxdjpxgajwlrwcvv/Build/Intermediates.noindex/VoiceInk.build/Debug/VoiceInk.build/SwiftStdLibToolInputDependencies.dep --filter-for-swift-os --back-deploy-swift-span
Ignoring --strip-bitcode because --sign was not passed

** BUILD SUCCEEDED **

